running egg_info
creating ../../build/autonomous_tb3/autonomous_tb3.egg-info
writing ../../build/autonomous_tb3/autonomous_tb3.egg-info/PKG-INFO
writing dependency_links to ../../build/autonomous_tb3/autonomous_tb3.egg-info/dependency_links.txt
writing entry points to ../../build/autonomous_tb3/autonomous_tb3.egg-info/entry_points.txt
writing requirements to ../../build/autonomous_tb3/autonomous_tb3.egg-info/requires.txt
writing top-level names to ../../build/autonomous_tb3/autonomous_tb3.egg-info/top_level.txt
writing manifest file '../../build/autonomous_tb3/autonomous_tb3.egg-info/SOURCES.txt'
reading manifest file '../../build/autonomous_tb3/autonomous_tb3.egg-info/SOURCES.txt'
writing manifest file '../../build/autonomous_tb3/autonomous_tb3.egg-info/SOURCES.txt'
running build
running build_py
creating /home/team7lmao/repos/autonomous_tb3_ws/build/autonomous_tb3/build
creating /home/team7lmao/repos/autonomous_tb3_ws/build/autonomous_tb3/build/lib
creating /home/team7lmao/repos/autonomous_tb3_ws/build/autonomous_tb3/build/lib/autonomous_tb3
copying autonomous_tb3/__init__.py -> /home/team7lmao/repos/autonomous_tb3_ws/build/autonomous_tb3/build/lib/autonomous_tb3
copying autonomous_tb3/occupancy_grid_pub.py -> /home/team7lmao/repos/autonomous_tb3_ws/build/autonomous_tb3/build/lib/autonomous_tb3
running install
/home/team7lmao/.local/lib/python3.10/site-packages/setuptools/_distutils/cmd.py:66: SetuptoolsDeprecationWarning: setup.py install is deprecated.
!!

        ********************************************************************************
        Please avoid running ``setup.py`` directly.
        Instead, use pypa/build, pypa/installer or other
        standards-based tools.

        See https://blog.ganssle.io/articles/2021/10/setup-py-deprecated.html for details.
        ********************************************************************************

!!
  self.initialize_options()
running install_lib
creating /home/team7lmao/repos/autonomous_tb3_ws/install/autonomous_tb3/lib/python3.10/site-packages/autonomous_tb3
copying /home/team7lmao/repos/autonomous_tb3_ws/build/autonomous_tb3/build/lib/autonomous_tb3/__init__.py -> /home/team7lmao/repos/autonomous_tb3_ws/install/autonomous_tb3/lib/python3.10/site-packages/autonomous_tb3
copying /home/team7lmao/repos/autonomous_tb3_ws/build/autonomous_tb3/build/lib/autonomous_tb3/occupancy_grid_pub.py -> /home/team7lmao/repos/autonomous_tb3_ws/install/autonomous_tb3/lib/python3.10/site-packages/autonomous_tb3
byte-compiling /home/team7lmao/repos/autonomous_tb3_ws/install/autonomous_tb3/lib/python3.10/site-packages/autonomous_tb3/__init__.py to __init__.cpython-310.pyc
byte-compiling /home/team7lmao/repos/autonomous_tb3_ws/install/autonomous_tb3/lib/python3.10/site-packages/autonomous_tb3/occupancy_grid_pub.py to occupancy_grid_pub.cpython-310.pyc
running install_data
creating /home/team7lmao/repos/autonomous_tb3_ws/install/autonomous_tb3/share/ament_index
creating /home/team7lmao/repos/autonomous_tb3_ws/install/autonomous_tb3/share/ament_index/resource_index
creating /home/team7lmao/repos/autonomous_tb3_ws/install/autonomous_tb3/share/ament_index/resource_index/packages
copying resource/autonomous_tb3 -> /home/team7lmao/repos/autonomous_tb3_ws/install/autonomous_tb3/share/ament_index/resource_index/packages
copying package.xml -> /home/team7lmao/repos/autonomous_tb3_ws/install/autonomous_tb3/share/autonomous_tb3
running install_egg_info
Copying ../../build/autonomous_tb3/autonomous_tb3.egg-info to /home/team7lmao/repos/autonomous_tb3_ws/install/autonomous_tb3/lib/python3.10/site-packages/autonomous_tb3-0.0.0-py3.10.egg-info
running install_scripts
Installing occupancy_grid_pub script to /home/team7lmao/repos/autonomous_tb3_ws/install/autonomous_tb3/lib/autonomous_tb3
writing list of installed files to '/home/team7lmao/repos/autonomous_tb3_ws/build/autonomous_tb3/install.log'
