[1.575s] Invoking command in '/home/team7lmao/repos/autonomous_tb3_ws/src/autonomous_tb3': PYTHONPATH=/home/team7lmao/repos/autonomous_tb3_ws/build/autonomous_tb3/prefix_override:/home/team7lmao/repos/autonomous_tb3_ws/install/autonomous_tb3/lib/python3.10/site-packages:${PYTHONPATH} /usr/bin/python3 setup.py egg_info --egg-base ../../build/autonomous_tb3 build --build-base /home/team7lmao/repos/autonomous_tb3_ws/build/autonomous_tb3/build install --record /home/team7lmao/repos/autonomous_tb3_ws/build/autonomous_tb3/install.log --single-version-externally-managed
[1.893s] running egg_info
[1.894s] creating ../../build/autonomous_tb3/autonomous_tb3.egg-info
[1.920s] writing ../../build/autonomous_tb3/autonomous_tb3.egg-info/PKG-INFO
[1.921s] writing dependency_links to ../../build/autonomous_tb3/autonomous_tb3.egg-info/dependency_links.txt
[1.921s] writing entry points to ../../build/autonomous_tb3/autonomous_tb3.egg-info/entry_points.txt
[1.921s] writing requirements to ../../build/autonomous_tb3/autonomous_tb3.egg-info/requires.txt
[1.921s] writing top-level names to ../../build/autonomous_tb3/autonomous_tb3.egg-info/top_level.txt
[1.921s] writing manifest file '../../build/autonomous_tb3/autonomous_tb3.egg-info/SOURCES.txt'
[1.983s] reading manifest file '../../build/autonomous_tb3/autonomous_tb3.egg-info/SOURCES.txt'
[1.984s] writing manifest file '../../build/autonomous_tb3/autonomous_tb3.egg-info/SOURCES.txt'
[1.984s] running build
[1.984s] running build_py
[1.984s] creating /home/team7lmao/repos/autonomous_tb3_ws/build/autonomous_tb3/build
[1.985s] creating /home/team7lmao/repos/autonomous_tb3_ws/build/autonomous_tb3/build/lib
[1.985s] creating /home/team7lmao/repos/autonomous_tb3_ws/build/autonomous_tb3/build/lib/autonomous_tb3
[1.985s] copying autonomous_tb3/__init__.py -> /home/team7lmao/repos/autonomous_tb3_ws/build/autonomous_tb3/build/lib/autonomous_tb3
[1.985s] copying autonomous_tb3/occupancy_grid_pub.py -> /home/team7lmao/repos/autonomous_tb3_ws/build/autonomous_tb3/build/lib/autonomous_tb3
[1.985s] running install
[1.986s] /home/team7lmao/.local/lib/python3.10/site-packages/setuptools/_distutils/cmd.py:66: SetuptoolsDeprecationWarning: setup.py install is deprecated.
[1.986s] !!
[1.986s] 
[1.986s]         ********************************************************************************
[1.986s]         Please avoid running ``setup.py`` directly.
[1.986s]         Instead, use pypa/build, pypa/installer or other
[1.986s]         standards-based tools.
[1.986s] 
[1.986s]         See https://blog.ganssle.io/articles/2021/10/setup-py-deprecated.html for details.
[1.986s]         ********************************************************************************
[1.986s] 
[1.986s] !!
[1.986s]   self.initialize_options()
[1.992s] running install_lib
[2.021s] creating /home/team7lmao/repos/autonomous_tb3_ws/install/autonomous_tb3/lib/python3.10/site-packages/autonomous_tb3
[2.022s] copying /home/team7lmao/repos/autonomous_tb3_ws/build/autonomous_tb3/build/lib/autonomous_tb3/__init__.py -> /home/team7lmao/repos/autonomous_tb3_ws/install/autonomous_tb3/lib/python3.10/site-packages/autonomous_tb3
[2.022s] copying /home/team7lmao/repos/autonomous_tb3_ws/build/autonomous_tb3/build/lib/autonomous_tb3/occupancy_grid_pub.py -> /home/team7lmao/repos/autonomous_tb3_ws/install/autonomous_tb3/lib/python3.10/site-packages/autonomous_tb3
[2.022s] byte-compiling /home/team7lmao/repos/autonomous_tb3_ws/install/autonomous_tb3/lib/python3.10/site-packages/autonomous_tb3/__init__.py to __init__.cpython-310.pyc
[2.023s] byte-compiling /home/team7lmao/repos/autonomous_tb3_ws/install/autonomous_tb3/lib/python3.10/site-packages/autonomous_tb3/occupancy_grid_pub.py to occupancy_grid_pub.cpython-310.pyc
[2.023s] running install_data
[2.055s] creating /home/team7lmao/repos/autonomous_tb3_ws/install/autonomous_tb3/share/ament_index
[2.055s] creating /home/team7lmao/repos/autonomous_tb3_ws/install/autonomous_tb3/share/ament_index/resource_index
[2.055s] creating /home/team7lmao/repos/autonomous_tb3_ws/install/autonomous_tb3/share/ament_index/resource_index/packages
[2.055s] copying resource/autonomous_tb3 -> /home/team7lmao/repos/autonomous_tb3_ws/install/autonomous_tb3/share/ament_index/resource_index/packages
[2.055s] copying package.xml -> /home/team7lmao/repos/autonomous_tb3_ws/install/autonomous_tb3/share/autonomous_tb3
[2.055s] running install_egg_info
[2.085s] Copying ../../build/autonomous_tb3/autonomous_tb3.egg-info to /home/team7lmao/repos/autonomous_tb3_ws/install/autonomous_tb3/lib/python3.10/site-packages/autonomous_tb3-0.0.0-py3.10.egg-info
[2.086s] running install_scripts
[2.381s] Installing occupancy_grid_pub script to /home/team7lmao/repos/autonomous_tb3_ws/install/autonomous_tb3/lib/autonomous_tb3
[2.381s] writing list of installed files to '/home/team7lmao/repos/autonomous_tb3_ws/build/autonomous_tb3/install.log'
[2.430s] Invoked command in '/home/team7lmao/repos/autonomous_tb3_ws/src/autonomous_tb3' returned '0': PYTHONPATH=/home/team7lmao/repos/autonomous_tb3_ws/build/autonomous_tb3/prefix_override:/home/team7lmao/repos/autonomous_tb3_ws/install/autonomous_tb3/lib/python3.10/site-packages:${PYTHONPATH} /usr/bin/python3 setup.py egg_info --egg-base ../../build/autonomous_tb3 build --build-base /home/team7lmao/repos/autonomous_tb3_ws/build/autonomous_tb3/build install --record /home/team7lmao/repos/autonomous_tb3_ws/build/autonomous_tb3/install.log --single-version-externally-managed
